[2023-03-27T11:21:50.988] [ERROR] fileErrorConsole - TypeError: Cannot read properties of undefined (reading 'data')
    at DaoContainer.readById (file:///F:/Proyectos/desafio-coder-mongodb/src/classes/contenedores/daoFirebase.js:38:66)
    at process.processTicksAndRejections (node:internal/process/task_queues:95:5)
[2023-03-27T11:22:14.207] [ERROR] fileErrorConsole - TypeError: Cannot read properties of undefined (reading 'data')
    at DaoContainer.readById (file:///F:/Proyectos/desafio-coder-mongodb/src/classes/contenedores/daoFirebase.js:38:66)
    at process.processTicksAndRejections (node:internal/process/task_queues:95:5)
[2023-03-27T11:23:00.423] [ERROR] fileErrorConsole - TypeError: Cannot read properties of undefined (reading 'data')
    at DaoContainer.readById (file:///F:/Proyectos/desafio-coder-mongodb/src/classes/contenedores/daoFirebase.js:38:66)
    at process.processTicksAndRejections (node:internal/process/task_queues:95:5)
[2023-03-27T11:23:36.125] [ERROR] fileErrorConsole - TypeError: Cannot read properties of undefined (reading 'data')
    at DaoContainer.readById (file:///F:/Proyectos/desafio-coder-mongodb/src/classes/contenedores/daoFirebase.js:38:66)
    at process.processTicksAndRejections (node:internal/process/task_queues:95:5)
[2023-03-27T11:25:21.937] [ERROR] fileErrorConsole - TypeError: Cannot read properties of undefined (reading 'data')
    at DaoContainer.readById (file:///F:/Proyectos/desafio-coder-mongodb/src/classes/contenedores/daoFirebase.js:38:66)
    at process.processTicksAndRejections (node:internal/process/task_queues:95:5)
[2023-03-27T11:26:23.243] [ERROR] fileErrorConsole - No hubo coincidencias
[2023-03-27T12:32:01.546] [ERROR] fileErrorConsole - TypeError: Cannot read properties of undefined (reading 'collection')
    at DaoContainerFirebase.readById (file:///F:/Proyectos/desafio-coder-mongodb/src/classes/contenedores/daoFirebase.js:35:52)
    at file:///F:/Proyectos/desafio-coder-mongodb/src/classes/contenedores/daoFirebase.js:68:6
    at ModuleJob.run (node:internal/modules/esm/module_job:194:25)
[2023-03-27T12:34:37.324] [ERROR] fileErrorConsole - TypeError: Cannot read properties of undefined (reading 'collection')
    at DaoContainerFirebase.readById (file:///F:/Proyectos/desafio-coder-mongodb/src/classes/contenedores/daoFirebase.js:36:52)
    at Timeout._onTimeout (file:///F:/Proyectos/desafio-coder-mongodb/src/classes/contenedores/daoFirebase.js:70:10)
    at listOnTimeout (node:internal/timers:569:17)
    at process.processTimers (node:internal/timers:512:7)
[2023-03-27T12:34:56.158] [ERROR] fileErrorConsole - TypeError: Cannot read properties of undefined (reading 'collection')
    at DaoContainerFirebase.readById (file:///F:/Proyectos/desafio-coder-mongodb/src/classes/contenedores/daoFirebase.js:37:52)
    at Timeout._onTimeout (file:///F:/Proyectos/desafio-coder-mongodb/src/classes/contenedores/daoFirebase.js:71:10)
    at listOnTimeout (node:internal/timers:569:17)
    at process.processTimers (node:internal/timers:512:7)
